<?xml version="1.0" encoding="UTF-8"?>
<!-- Generated by org.testng.reporters.JUnitReportReporter -->
<testsuite hostname="QT-INBG-LT0353" failures="0" tests="1" name="test.NewUserRegistration" time="10.396" errors="0" timestamp="2022-06-15T10:11:30 IST" skipped="0">
  <testcase classname="test.NewUserRegistration" name="SignUp" time="10.396"/>
  <system-out/>
</testsuite> <!-- test.NewUserRegistration -->
