<?xml version="1.0" encoding="UTF-8"?>
<!-- Generated by org.testng.reporters.JUnitReportReporter -->
<testsuite hostname="QT-INBG-LT0353" failures="0" tests="5" name="test.ExistingUser" time="48.643" errors="0" timestamp="2022-06-16T17:26:57 IST" skipped="0">
  <testcase classname="test.ExistingUser" name="login" time="8.823"/>
  <system-out/>
  <testcase classname="test.ExistingUser" name="login" time="8.560"/>
  <system-out/>
  <testcase classname="test.ExistingUser" name="login" time="8.653"/>
  <system-out/>
  <testcase classname="test.ExistingUser" name="login" time="8.960"/>
  <system-out/>
  <testcase classname="test.ExistingUser" name="login" time="13.647"/>
  <system-out/>
</testsuite> <!-- test.ExistingUser -->
